                                 Started job on |	May 22 15:33:34
                             Started mapping on |	May 22 15:34:11
                                    Finished on |	May 22 15:38:53
       Mapping speed, Million of reads per hour |	564.69

                          Number of input reads |	44234394
                      Average input read length |	96
                                    UNIQUE READS:
                   Uniquely mapped reads number |	19942746
                        Uniquely mapped reads % |	45.08%
                          Average mapped length |	96.42
                       Number of splices: Total |	2582977
            Number of splices: Annotated (sjdb) |	2437368
                       Number of splices: GT/AG |	2515747
                       Number of splices: GC/AG |	22200
                       Number of splices: AT/AC |	2281
               Number of splices: Non-canonical |	42749
                      Mismatch rate per base, % |	0.45%
                         Deletion rate per base |	0.03%
                        Deletion average length |	1.98
                        Insertion rate per base |	0.02%
                       Insertion average length |	1.85
                             MULTI-MAPPING READS:
        Number of reads mapped to multiple loci |	19899400
             % of reads mapped to multiple loci |	44.99%
        Number of reads mapped to too many loci |	2995205
             % of reads mapped to too many loci |	6.77%
                                  UNMAPPED READS:
       % of reads unmapped: too many mismatches |	0.00%
                 % of reads unmapped: too short |	2.13%
                     % of reads unmapped: other |	1.02%
                                  CHIMERIC READS:
                       Number of chimeric reads |	0
                            % of chimeric reads |	0.00%
