STAR version=2.7.0d
STAR compilation time,server,dir=Mon May 20 11:11:08 ACST 2019 l01.phoenix.adelaide.edu.au:/dev/shm/bowen/STAR/2.7.0d/foss-2016b/STAR-2.7.0d/source
##### DEFAULT parameters:
versionGenome                     2.7.0d
parametersFiles                   -   
sysShell                          -
runMode                           alignReads
runThreadN                        1
runDirPerm                        User_RWX
runRNGseed                        777
genomeDir                         ./GenomeDir/
genomeLoad                        NoSharedMemory
genomeFastaFiles                  -   
genomeChainFiles                  -   
genomeSAindexNbases               14
genomeChrBinNbits                 18
genomeSAsparseD                   1
genomeSuffixLengthMax             18446744073709551615
genomeFileSizes                   0   
genomeConsensusFile               -
readFilesType                     Fastx   
readFilesIn                       Read1   Read2   
readFilesPrefix                   -
readFilesCommand                  -   
readMatesLengthsIn                NotEqual
readMapNumber                     18446744073709551615
readNameSeparator                 /   
readStrand                        Unstranded
inputBAMfile                      -
bamRemoveDuplicatesType           -
bamRemoveDuplicatesMate2basesN    0
limitGenomeGenerateRAM            31000000000
limitIObufferSize                 150000000
limitOutSAMoneReadBytes           100000
limitOutSJcollapsed               1000000
limitOutSJoneRead                 1000
limitBAMsortRAM                   0
limitSjdbInsertNsj                1000000
limitNreadsSoft                   18446744073709551615
outTmpDir                         -
outTmpKeep                        None
outStd                            Log
outReadsUnmapped                  None
outQSconversionAdd                0
outMultimapperOrder               Old_2.4
outSAMtype                        SAM   
outSAMmode                        Full
outSAMstrandField                 None
outSAMattributes                  Standard   
outSAMunmapped                    None   
outSAMorder                       Paired
outSAMprimaryFlag                 OneBestScore
outSAMreadID                      Standard
outSAMmapqUnique                  255
outSAMflagOR                      0
outSAMflagAND                     65535
outSAMattrRGline                  -   
outSAMheaderHD                    -   
outSAMheaderPG                    -   
outSAMheaderCommentFile           -
outBAMcompression                 1
outBAMsortingThreadN              0
outBAMsortingBinsN                50
outSAMfilter                      None   
outSAMmultNmax                    18446744073709551615
outSAMattrIHstart                 1
outSAMtlen                        1
outSJfilterReads                  All
outSJfilterCountUniqueMin         3   1   1   1   
outSJfilterCountTotalMin          3   1   1   1   
outSJfilterOverhangMin            30   12   12   12   
outSJfilterDistToOtherSJmin       10   0   5   10   
outSJfilterIntronMaxVsReadN       50000   100000   200000   
outWigType                        None   
outWigStrand                      Stranded   
outWigReferencesPrefix            -
outWigNorm                        RPM   
outFilterType                     Normal
outFilterMultimapNmax             10
outFilterMultimapScoreRange       1
outFilterScoreMin                 0
outFilterScoreMinOverLread        0.66
outFilterMatchNmin                0
outFilterMatchNminOverLread       0.66
outFilterMismatchNmax             10
outFilterMismatchNoverLmax        0.3
outFilterMismatchNoverReadLmax    1
outFilterIntronMotifs             None
outFilterIntronStrands            RemoveInconsistentStrands
clip5pNbases                      0   
clip3pNbases                      0   
clip3pAfterAdapterNbases          0   
clip3pAdapterSeq                  -   
clip3pAdapterMMp                  0.1   
winBinNbits                       16
winAnchorDistNbins                9
winFlankNbins                     4
winAnchorMultimapNmax             50
winReadCoverageRelativeMin        0.5
winReadCoverageBasesMin           0
scoreGap                          0
scoreGapNoncan                    -8
scoreGapGCAG                      -4
scoreGapATAC                      -8
scoreStitchSJshift                1
scoreGenomicLengthLog2scale       -0.25
scoreDelBase                      -2
scoreDelOpen                      -2
scoreInsOpen                      -2
scoreInsBase                      -2
seedSearchLmax                    0
seedSearchStartLmax               50
seedSearchStartLmaxOverLread      1
seedPerReadNmax                   1000
seedPerWindowNmax                 50
seedNoneLociPerWindow             10
seedMultimapNmax                  10000
seedSplitMin                      12
alignIntronMin                    21
alignIntronMax                    0
alignMatesGapMax                  0
alignTranscriptsPerReadNmax       10000
alignSJoverhangMin                5
alignSJDBoverhangMin              3
alignSJstitchMismatchNmax         0   -1   0   0   
alignSplicedMateMapLmin           0
alignSplicedMateMapLminOverLmate    0.66
alignWindowsPerReadNmax           10000
alignTranscriptsPerWindowNmax     100
alignEndsType                     Local
alignSoftClipAtReferenceEnds      Yes
alignEndsProtrude                 0   ConcordantPair   
alignInsertionFlush               None
peOverlapNbasesMin                0
peOverlapMMp                      0.01
chimSegmentMin                    0
chimScoreMin                      0
chimScoreDropMax                  20
chimScoreSeparation               10
chimScoreJunctionNonGTAG          -1
chimMainSegmentMultNmax           10
chimJunctionOverhangMin           20
chimOutType                       Junctions   
chimFilter                        banGenomicN   
chimSegmentReadGapMax             0
chimMultimapNmax                  0
chimMultimapScoreRange            1
chimNonchimScoreDropMin           20
chimOutJunctionFormat             0   
sjdbFileChrStartEnd               -   
sjdbGTFfile                       -
sjdbGTFchrPrefix                  -
sjdbGTFfeatureExon                exon
sjdbGTFtagExonParentTranscript    transcript_id
sjdbGTFtagExonParentGene          gene_id
sjdbOverhang                      100
sjdbScore                         2
sjdbInsertSave                    Basic
varVCFfile                        -
waspOutputMode                    None
quantMode                         -   
quantTranscriptomeBAMcompression    1
quantTranscriptomeBan             IndelSoftclipSingleend
twopass1readsN                    18446744073709551615
twopassMode                       None
soloType                          None
soloCBstart                       1
soloUMIstart                      17
soloCBlen                         16
soloUMIlen                        10
soloBarcodeReadLength             1
soloCBwhitelist                   -
soloStrand                        Forward
soloOutFileNames                  Solo.out/   genes.tsv   barcodes.tsv   matrix.mtx   matrixSJ.mtx   
soloFeatures                      Gene   
soloUMIdedup                      1MM_All   
##### Command Line:
STAR --runThreadN 16 --genomeDir /data/biorefs/reference_genomes/ensembl-release-96/rattus_norvegicus/star --readFilesIn /data/biohub/20180328_Atkins_RatFracture/1_trimmedData/fastq/179_F_CB2YGANXX_ATCACG_L001_R1.fastq.gz --readFilesCommand gunzip -c --outFileNamePrefix /data/biohub/20180328_Atkins_RatFracture/2_alignedData/bam/179_F_CB2YGANXX_ATCACG_L001 --outSAMtype BAM SortedByCoordinate
##### Initial USER parameters from Command Line:
outFileNamePrefix                 /data/biohub/20180328_Atkins_RatFracture/2_alignedData/bam/179_F_CB2YGANXX_ATCACG_L001
###### All USER parameters from Command Line:
runThreadN                    16     ~RE-DEFINED
genomeDir                     /data/biorefs/reference_genomes/ensembl-release-96/rattus_norvegicus/star     ~RE-DEFINED
readFilesIn                   /data/biohub/20180328_Atkins_RatFracture/1_trimmedData/fastq/179_F_CB2YGANXX_ATCACG_L001_R1.fastq.gz        ~RE-DEFINED
readFilesCommand              gunzip   -c        ~RE-DEFINED
outFileNamePrefix             /data/biohub/20180328_Atkins_RatFracture/2_alignedData/bam/179_F_CB2YGANXX_ATCACG_L001     ~RE-DEFINED
outSAMtype                    BAM   SortedByCoordinate        ~RE-DEFINED
##### Finished reading parameters from all sources

##### Final user re-defined parameters-----------------:
runThreadN                        16
genomeDir                         /data/biorefs/reference_genomes/ensembl-release-96/rattus_norvegicus/star
readFilesIn                       /data/biohub/20180328_Atkins_RatFracture/1_trimmedData/fastq/179_F_CB2YGANXX_ATCACG_L001_R1.fastq.gz   
readFilesCommand                  gunzip   -c   
outFileNamePrefix                 /data/biohub/20180328_Atkins_RatFracture/2_alignedData/bam/179_F_CB2YGANXX_ATCACG_L001
outSAMtype                        BAM   SortedByCoordinate   

-------------------------------
##### Final effective command line:
STAR   --runThreadN 16   --genomeDir /data/biorefs/reference_genomes/ensembl-release-96/rattus_norvegicus/star   --readFilesIn /data/biohub/20180328_Atkins_RatFracture/1_trimmedData/fastq/179_F_CB2YGANXX_ATCACG_L001_R1.fastq.gz      --readFilesCommand gunzip   -c      --outFileNamePrefix /data/biohub/20180328_Atkins_RatFracture/2_alignedData/bam/179_F_CB2YGANXX_ATCACG_L001   --outSAMtype BAM   SortedByCoordinate   

##### Final parameters after user input--------------------------------:
versionGenome                     2.7.0d
parametersFiles                   -   
sysShell                          -
runMode                           alignReads
runThreadN                        16
runDirPerm                        User_RWX
runRNGseed                        777
genomeDir                         /data/biorefs/reference_genomes/ensembl-release-96/rattus_norvegicus/star
genomeLoad                        NoSharedMemory
genomeFastaFiles                  -   
genomeChainFiles                  -   
genomeSAindexNbases               14
genomeChrBinNbits                 18
genomeSAsparseD                   1
genomeSuffixLengthMax             18446744073709551615
genomeFileSizes                   0   
genomeConsensusFile               -
readFilesType                     Fastx   
readFilesIn                       /data/biohub/20180328_Atkins_RatFracture/1_trimmedData/fastq/179_F_CB2YGANXX_ATCACG_L001_R1.fastq.gz   
readFilesPrefix                   -
readFilesCommand                  gunzip   -c   
readMatesLengthsIn                NotEqual
readMapNumber                     18446744073709551615
readNameSeparator                 /   
readStrand                        Unstranded
inputBAMfile                      -
bamRemoveDuplicatesType           -
bamRemoveDuplicatesMate2basesN    0
limitGenomeGenerateRAM            31000000000
limitIObufferSize                 150000000
limitOutSAMoneReadBytes           100000
limitOutSJcollapsed               1000000
limitOutSJoneRead                 1000
limitBAMsortRAM                   0
limitSjdbInsertNsj                1000000
limitNreadsSoft                   18446744073709551615
outFileNamePrefix                 /data/biohub/20180328_Atkins_RatFracture/2_alignedData/bam/179_F_CB2YGANXX_ATCACG_L001
outTmpDir                         -
outTmpKeep                        None
outStd                            Log
outReadsUnmapped                  None
outQSconversionAdd                0
outMultimapperOrder               Old_2.4
outSAMtype                        BAM   SortedByCoordinate   
outSAMmode                        Full
outSAMstrandField                 None
outSAMattributes                  Standard   
outSAMunmapped                    None   
outSAMorder                       Paired
outSAMprimaryFlag                 OneBestScore
outSAMreadID                      Standard
outSAMmapqUnique                  255
outSAMflagOR                      0
outSAMflagAND                     65535
outSAMattrRGline                  -   
outSAMheaderHD                    -   
outSAMheaderPG                    -   
outSAMheaderCommentFile           -
outBAMcompression                 1
outBAMsortingThreadN              0
outBAMsortingBinsN                50
outSAMfilter                      None   
outSAMmultNmax                    18446744073709551615
outSAMattrIHstart                 1
outSAMtlen                        1
outSJfilterReads                  All
outSJfilterCountUniqueMin         3   1   1   1   
outSJfilterCountTotalMin          3   1   1   1   
outSJfilterOverhangMin            30   12   12   12   
outSJfilterDistToOtherSJmin       10   0   5   10   
outSJfilterIntronMaxVsReadN       50000   100000   200000   
outWigType                        None   
outWigStrand                      Stranded   
outWigReferencesPrefix            -
outWigNorm                        RPM   
outFilterType                     Normal
outFilterMultimapNmax             10
outFilterMultimapScoreRange       1
outFilterScoreMin                 0
outFilterScoreMinOverLread        0.66
outFilterMatchNmin                0
outFilterMatchNminOverLread       0.66
outFilterMismatchNmax             10
outFilterMismatchNoverLmax        0.3
outFilterMismatchNoverReadLmax    1
outFilterIntronMotifs             None
outFilterIntronStrands            RemoveInconsistentStrands
clip5pNbases                      0   
clip3pNbases                      0   
clip3pAfterAdapterNbases          0   
clip3pAdapterSeq                  -   
clip3pAdapterMMp                  0.1   
winBinNbits                       16
winAnchorDistNbins                9
winFlankNbins                     4
winAnchorMultimapNmax             50
winReadCoverageRelativeMin        0.5
winReadCoverageBasesMin           0
scoreGap                          0
scoreGapNoncan                    -8
scoreGapGCAG                      -4
scoreGapATAC                      -8
scoreStitchSJshift                1
scoreGenomicLengthLog2scale       -0.25
scoreDelBase                      -2
scoreDelOpen                      -2
scoreInsOpen                      -2
scoreInsBase                      -2
seedSearchLmax                    0
seedSearchStartLmax               50
seedSearchStartLmaxOverLread      1
seedPerReadNmax                   1000
seedPerWindowNmax                 50
seedNoneLociPerWindow             10
seedMultimapNmax                  10000
seedSplitMin                      12
alignIntronMin                    21
alignIntronMax                    0
alignMatesGapMax                  0
alignTranscriptsPerReadNmax       10000
alignSJoverhangMin                5
alignSJDBoverhangMin              3
alignSJstitchMismatchNmax         0   -1   0   0   
alignSplicedMateMapLmin           0
alignSplicedMateMapLminOverLmate    0.66
alignWindowsPerReadNmax           10000
alignTranscriptsPerWindowNmax     100
alignEndsType                     Local
alignSoftClipAtReferenceEnds      Yes
alignEndsProtrude                 0   ConcordantPair   
alignInsertionFlush               None
peOverlapNbasesMin                0
peOverlapMMp                      0.01
chimSegmentMin                    0
chimScoreMin                      0
chimScoreDropMax                  20
chimScoreSeparation               10
chimScoreJunctionNonGTAG          -1
chimMainSegmentMultNmax           10
chimJunctionOverhangMin           20
chimOutType                       Junctions   
chimFilter                        banGenomicN   
chimSegmentReadGapMax             0
chimMultimapNmax                  0
chimMultimapScoreRange            1
chimNonchimScoreDropMin           20
chimOutJunctionFormat             0   
sjdbFileChrStartEnd               -   
sjdbGTFfile                       -
sjdbGTFchrPrefix                  -
sjdbGTFfeatureExon                exon
sjdbGTFtagExonParentTranscript    transcript_id
sjdbGTFtagExonParentGene          gene_id
sjdbOverhang                      100
sjdbScore                         2
sjdbInsertSave                    Basic
varVCFfile                        -
waspOutputMode                    None
quantMode                         -   
quantTranscriptomeBAMcompression    1
quantTranscriptomeBan             IndelSoftclipSingleend
twopass1readsN                    18446744073709551615
twopassMode                       None
soloType                          None
soloCBstart                       1
soloUMIstart                      17
soloCBlen                         16
soloUMIlen                        10
soloBarcodeReadLength             1
soloCBwhitelist                   -
soloStrand                        Forward
soloOutFileNames                  Solo.out/   genes.tsv   barcodes.tsv   matrix.mtx   matrixSJ.mtx   
soloFeatures                      Gene   
soloUMIdedup                      1MM_All   
----------------------------------------


   Input read files for mate 1, from input string /data/biohub/20180328_Atkins_RatFracture/1_trimmedData/fastq/179_F_CB2YGANXX_ATCACG_L001_R1.fastq.gz
-rw-rw-r-- 1 a1018048 phoenix-hpc-biohub 2156957076 May 21 19:46 /data/biohub/20180328_Atkins_RatFracture/1_trimmedData/fastq/179_F_CB2YGANXX_ATCACG_L001_R1.fastq.gz

   readsCommandsFile:
exec > "/data/biohub/20180328_Atkins_RatFracture/2_alignedData/bam/179_F_CB2YGANXX_ATCACG_L001_STARtmp/tmp.fifo.read1"
echo FILE 0
gunzip   -c      "/data/biohub/20180328_Atkins_RatFracture/1_trimmedData/fastq/179_F_CB2YGANXX_ATCACG_L001_R1.fastq.gz"

WARNING: --limitBAMsortRAM=0, will use genome size as RAM limit for BAM sorting
Finished loading and checking parameters
Reading genome generation parameters:
### STAR   --runMode genomeGenerate   --runThreadN 12   --genomeDir star/   --genomeFastaFiles Rattus_norvegicus.Rnor_6.0.dna.toplevel.fa      --sjdbGTFfile Rattus_norvegicus.Rnor_6.0.96.chr.gtf   --sjdbOverhang 99
### GstrandBit=32
versionGenome                 2.7.0d     ~RE-DEFINED
genomeFastaFiles              Rattus_norvegicus.Rnor_6.0.dna.toplevel.fa        ~RE-DEFINED
genomeSAindexNbases           14     ~RE-DEFINED
genomeChrBinNbits             18     ~RE-DEFINED
genomeSAsparseD               1     ~RE-DEFINED
sjdbOverhang                  99     ~RE-DEFINED
sjdbFileChrStartEnd           -        ~RE-DEFINED
sjdbGTFfile                   Rattus_norvegicus.Rnor_6.0.96.chr.gtf     ~RE-DEFINED
sjdbGTFchrPrefix              -     ~RE-DEFINED
sjdbGTFfeatureExon            exon     ~RE-DEFINED
sjdbGTFtagExonParentTranscripttranscript_id     ~RE-DEFINED
sjdbGTFtagExonParentGene      gene_id     ~RE-DEFINED
sjdbInsertSave                Basic     ~RE-DEFINED
genomeFileSizes               3135707246   22850000905        ~RE-DEFINED
Genome version is compatible with current STAR
Number of real (reference) chromosomes= 955
1	1	282763074	0
2	2	266435125	282853376
3	3	177699992	549453824
4	4	184226339	727187456
5	5	173707219	911474688
6	6	147991367	1085276160
7	7	145729302	1233387520
8	8	133307652	1379139584
9	9	122095297	1512570880
10	10	112626471	1634729984
11	11	90463843	1747451904
12	12	52716770	1838153728
13	13	114033958	1891106816
14	14	115493446	2005401600
15	15	111246239	2121007104
16	16	90668790	2232418304
17	17	90843779	2323120128
18	18	88201929	2414084096
19	19	62275575	2502426624
20	20	56205956	2564816896
21	X	159970021	2621177856
22	Y	3310458	2781347840
23	MT	16313	2784755712
24	KL568162.1	10937627	2785017856
25	KL568139.1	9752924	2796027904
26	KL568161.1	7627431	2805989376
27	KL568148.1	6483517	2813853696
28	KL568157.1	5447879	2820407296
29	KL568160.1	4317250	2825912320
30	KL568151.1	3931032	2830368768
31	KL568149.1	3292674	2834300928
32	KL568141.1	2733323	2837708800
33	KL568156.1	2193381	2840592384
34	KL568159.1	1977169	2842951680
35	KL568155.1	1365599	2845048832
36	KL568140.1	1351663	2846621696
37	KL568158.1	1284477	2848194560
38	KL568152.1	1069101	2849505280
39	KL568164.1	1009277	2850816000
40	KL568150.1	866433	2851864576
41	KL568163.1	753291	2852913152
42	KL568473.1	555557	2853699584
43	KL568147.1	464092	2854486016
44	KL568409.1	409149	2855010304
45	KL568165.1	398163	2855534592
46	KL568143.1	343819	2856058880
47	KL568374.1	333641	2856583168
48	KL568142.1	332284	2857107456
49	KL568418.1	276968	2857631744
50	KL568451.1	259454	2858156032
51	KL568353.1	246307	2858418176
52	KL568153.1	239643	2858680320
53	KL567939.1	227955	2858942464
54	KL568154.1	215559	2859204608
55	KL568144.1	209128	2859466752
56	KL568410.1	197620	2859728896
57	KL568166.1	188438	2859991040
58	KL568145.1	180016	2860253184
59	KL568458.1	179901	2860515328
60	KL568432.1	170578	2860777472
61	KL568465.1	161686	2861039616
62	AABR07024382.1	161493	2861301760
63	AABR07024188.1	156216	2861563904
64	KL568405.1	151075	2861826048
65	KL568487.1	150036	2862088192
66	KL568449.1	148379	2862350336
67	KL567959.1	147722	2862612480
68	KL568438.1	140435	2862874624
69	AABR07024291.1	140190	2863136768
70	KL568414.1	134730	2863398912
71	AABR07024047.1	128550	2863661056
72	KL568318.1	125475	2863923200
73	KL568447.1	122693	2864185344
74	KL568446.1	122070	2864447488
75	KL568146.1	122062	2864709632
76	KL568319.1	119946	2864971776
77	KL568468.1	117679	2865233920
78	KL568413.1	115560	2865496064
79	KL568354.1	113311	2865758208
80	KL568362.1	110326	2866020352
81	KL568415.1	110043	2866282496
82	KL568421.1	106580	2866544640
83	KL568003.1	104398	2866806784
84	KL568434.1	100599	2867068928
85	KL567919.1	100126	2867331072
86	AABR07024421.1	97361	2867593216
87	KL568482.1	97190	2867855360
88	KL568460.1	96610	2868117504
89	AABR07024203.1	96120	2868379648
90	KL568001.1	95634	2868641792
91	KL568315.1	91871	2868903936
92	KL568336.1	91174	2869166080
93	KL568366.1	89457	2869428224
94	KL568334.1	86017	2869690368
95	KL568379.1	85300	2869952512
96	KL568346.1	83525	2870214656
97	AABR07024124.1	82313	2870476800
98	KL568419.1	82153	2870738944
99	KL568450.1	81653	2871001088
100	KL568328.1	79909	2871263232
101	KL568477.1	79564	2871525376
102	KL568470.1	78834	2871787520
103	KL568360.1	78647	2872049664
104	KL568377.1	78358	2872311808
105	KL568463.1	78222	2872573952
106	KL567940.1	77814	2872836096
107	KL568067.1	76800	2873098240
108	KL568454.1	75706	2873360384
109	KL568397.1	75068	2873622528
110	KL568125.1	72847	2873884672
111	KL568388.1	70933	2874146816
112	KL568337.1	70310	2874408960
113	KL568412.1	69990	2874671104
114	KL568126.1	69551	2874933248
115	KL567994.1	69252	2875195392
116	KL568398.1	68568	2875457536
117	AABR07024145.1	68209	2875719680
118	AABR07024104.1	66549	2875981824
119	KL567946.1	66194	2876243968
120	KL568324.1	66040	2876506112
121	KL568464.1	65989	2876768256
122	AABR07024039.1	65089	2877030400
123	KL568381.1	64584	2877292544
124	KL568440.1	62701	2877554688
125	AABR07024031.1	62230	2877816832
126	KL568417.1	62095	2878078976
127	KL567908.1	61811	2878341120
128	KL568443.1	61029	2878603264
129	KL568051.1	60838	2878865408
130	KL568101.1	59862	2879127552
131	KL567926.1	59501	2879389696
132	KL568423.1	57880	2879651840
133	KL568097.1	57850	2879913984
134	KL567914.1	57161	2880176128
135	KL568453.1	56678	2880438272
136	KL567947.1	56466	2880700416
137	KL568395.1	56177	2880962560
138	KL568445.1	55656	2881224704
139	KL568430.1	55205	2881486848
140	KL568325.1	54929	2881748992
141	AABR07024102.1	54789	2882011136
142	KL567941.1	54041	2882273280
143	KL567907.1	53909	2882535424
144	KL567891.1	53404	2882797568
145	KL568102.1	53245	2883059712
146	AABR07024120.1	52816	2883321856
147	KL568424.1	52566	2883584000
148	KL568355.1	51892	2883846144
149	KL568433.1	51123	2884108288
150	KL568080.1	49795	2884370432
151	KL568114.1	49370	2884632576
152	KL568282.1	48841	2884894720
153	KL568005.1	48638	2885156864
154	KL568019.1	48508	2885419008
155	KL568137.1	47458	2885681152
156	KL568462.1	47307	2885943296
157	KL568344.1	47276	2886205440
158	KL567901.1	46970	2886467584
159	KL568467.1	46639	2886729728
160	KL568408.1	46319	2886991872
161	KL568342.1	46249	2887254016
162	KL568079.1	45872	2887516160
163	KL568370.1	45784	2887778304
164	KL568096.1	45622	2888040448
165	KL568472.1	45419	2888302592
166	KL568431.1	45117	2888564736
167	KL568108.1	44883	2888826880
168	KL568350.1	44681	2889089024
169	KL568466.1	44605	2889351168
170	AABR07024398.1	44505	2889613312
171	AABR07024066.1	44061	2889875456
172	KL568461.1	43373	2890137600
173	KL568118.1	42845	2890399744
174	KL568357.1	42088	2890661888
175	AABR07024106.1	41833	2890924032
176	KL568480.1	41802	2891186176
177	KL568136.1	41179	2891448320
178	KL568045.1	40838	2891710464
179	KL567951.1	40651	2891972608
180	KL568116.1	40570	2892234752
181	KL568364.1	40094	2892496896
182	KL567984.1	39602	2892759040
183	KL568064.1	39113	2893021184
184	KL568292.1	38332	2893283328
185	KL568479.1	38297	2893545472
186	KL567981.1	38234	2893807616
187	KL568361.1	38115	2894069760
188	KL568471.1	37571	2894331904
189	KL568510.1	37283	2894594048
190	KL567997.1	36789	2894856192
191	KL568402.1	36615	2895118336
192	KL568452.1	36554	2895380480
193	KL567988.1	36409	2895642624
194	KL568483.1	36071	2895904768
195	KL568345.1	35857	2896166912
196	AABR07024042.1	35846	2896429056
197	KL568442.1	35498	2896691200
198	KL568057.1	35355	2896953344
199	KL568029.1	35203	2897215488
200	KL568257.1	35119	2897477632
201	KL568348.1	34944	2897739776
202	KL568187.1	34792	2898001920
203	KL567898.1	34630	2898264064
204	KL567913.1	34458	2898526208
205	KL568185.1	34391	2898788352
206	KL567892.1	34086	2899050496
207	KL567954.1	33929	2899312640
208	KL568053.1	33884	2899574784
209	KL568191.1	33866	2899836928
210	KL568322.1	33480	2900099072
211	KL568314.1	33342	2900361216
212	KL568076.1	33299	2900623360
213	KL567917.1	33261	2900885504
214	KL568092.1	33190	2901147648
215	KL567902.1	33155	2901409792
216	KL568420.1	33038	2901671936
217	KL567903.1	32912	2901934080
218	KL568122.1	32860	2902196224
219	KL567957.1	32762	2902458368
220	AABR07024192.1	32611	2902720512
221	KL568436.1	32325	2902982656
222	KL567906.1	31912	2903244800
223	KL568134.1	31813	2903506944
224	AABR07024041.1	31641	2903769088
225	KL568193.1	31523	2904031232
226	AABR07046231.1	31509	2904293376
227	KL568439.1	31478	2904555520
228	KL568054.1	31451	2904817664
229	KL568387.1	31396	2905079808
230	KL568085.1	31300	2905341952
231	KL567893.1	30950	2905604096
232	KL568457.1	30706	2905866240
233	KL568330.1	30684	2906128384
234	KL568481.1	30624	2906390528
235	KL568399.1	30444	2906652672
236	KL567894.1	30438	2906914816
237	KL568196.1	29796	2907176960
238	KL568130.1	29690	2907439104
239	KL568475.1	29518	2907701248
240	KL568006.1	29490	2907963392
241	KL568018.1	29483	2908225536
242	KL568133.1	29461	2908487680
243	KL568109.1	29266	2908749824
244	KL568307.1	29238	2909011968
245	KL568400.1	29228	2909274112
246	KL567882.1	28706	2909536256
247	KL568406.1	28554	2909798400
248	KL568010.1	28524	2910060544
249	KL567881.1	28452	2910322688
250	KL568068.1	28441	2910584832
251	KL568024.1	28231	2910846976
252	KL567937.1	28091	2911109120
253	KL568059.1	27955	2911371264
254	KL568072.1	27900	2911633408
255	KL568485.1	27645	2911895552
256	KL567933.1	27386	2912157696
257	KL567958.1	27327	2912419840
258	KL568009.1	27282	2912681984
259	KL568228.1	26706	2912944128
260	KL567895.1	26645	2913206272
261	KL568321.1	26605	2913468416
262	KL567975.1	26321	2913730560
263	KL567993.1	26319	2913992704
264	KL567965.1	26164	2914254848
265	AABR07024263.1	26083	2914516992
266	KL568016.1	26063	2914779136
267	KL568078.1	25637	2915041280
268	KL568391.1	25619	2915303424
269	KL568359.1	25619	2915565568
270	KL568295.1	25592	2915827712
271	KL567972.1	25590	2916089856
272	KL567924.1	25463	2916352000
273	KL567944.1	25173	2916614144
274	KL567986.1	25064	2916876288
275	KL568427.1	24952	2917138432
276	KL568507.1	24931	2917400576
277	KL568356.1	24824	2917662720
278	KL568100.1	24817	2917924864
279	KL567976.1	24724	2918187008
280	KL568404.1	24694	2918449152
281	KL568511.1	24582	2918711296
282	AABR07024032.1	24546	2918973440
283	KL568021.1	24537	2919235584
284	KL567889.1	24468	2919497728
285	KL568020.1	24193	2919759872
286	KL568011.1	24114	2920022016
287	KL568343.1	23983	2920284160
288	KL568389.1	23929	2920546304
289	KL568046.1	23864	2920808448
290	KL568088.1	23848	2921070592
291	KL568512.1	23752	2921332736
292	KL568490.1	23674	2921594880
293	KL568488.1	23475	2921857024
294	KL567911.1	23371	2922119168
295	KL568478.1	23222	2922381312
296	KL568052.1	23128	2922643456
297	KL568002.1	23102	2922905600
298	KL568041.1	22880	2923167744
299	KL568129.1	22842	2923429888
300	KL568012.1	22748	2923692032
301	KL568394.1	22601	2923954176
302	KL568376.1	22589	2924216320
303	KL568042.1	22393	2924478464
304	KL568248.1	22287	2924740608
305	KL567910.1	22191	2925002752
306	KL568403.1	22089	2925264896
307	KL568303.1	22032	2925527040
308	KL568245.1	21811	2925789184
309	KL568492.1	21680	2926051328
310	KL568169.1	21595	2926313472
311	KL568349.1	21578	2926575616
312	AABR07024044.1	21485	2926837760
313	KL567938.1	21336	2927099904
314	AABR07024071.1	21256	2927362048
315	KL568176.1	21235	2927624192
316	KL568411.1	21210	2927886336
317	KL568044.1	21067	2928148480
318	AABR07024206.1	20997	2928410624
319	KL568474.1	20991	2928672768
320	KL568312.1	20693	2928934912
321	KL567943.1	20550	2929197056
322	KL568087.1	20486	2929459200
323	AABR07024350.1	20296	2929721344
324	KL568270.1	19998	2929983488
325	KL567915.1	19935	2930245632
326	KL567884.1	19577	2930507776
327	KL568025.1	19565	2930769920
328	KL568007.1	19393	2931032064
329	KL568049.1	19070	2931294208
330	KL567916.1	18861	2931556352
331	KL567995.1	18840	2931818496
332	KL568219.1	18520	2932080640
333	AABR07024122.1	18491	2932342784
334	KL568036.1	18420	2932604928
335	KL567931.1	18329	2932867072
336	AABR07024286.1	18032	2933129216
337	KL567920.1	17963	2933391360
338	KL567999.1	17960	2933653504
339	KL568081.1	17953	2933915648
340	KL568111.1	17895	2934177792
341	KL567953.1	17865	2934439936
342	KL568039.1	17744	2934702080
343	KL568212.1	17641	2934964224
344	KL568089.1	17431	2935226368
345	KL568113.1	17247	2935488512
346	KL568272.1	17134	2935750656
347	KL568048.1	17062	2936012800
348	KL568038.1	17009	2936274944
349	KL568135.1	16979	2936537088
350	KL567880.1	16921	2936799232
351	KL568104.1	16888	2937061376
352	KL567970.1	16625	2937323520
353	KL568329.1	16490	2937585664
354	KL567945.1	16464	2937847808
355	KL568017.1	16434	2938109952
356	KL568066.1	16414	2938372096
357	KL568058.1	16413	2938634240
358	AABR07046136.1	16358	2938896384
359	KL567974.1	16318	2939158528
360	KL568317.1	16248	2939420672
361	KL568316.1	16204	2939682816
362	KL567886.1	16175	2939944960
363	KL568351.1	16017	2940207104
364	KL568486.1	15907	2940469248
365	AABR07024262.1	15893	2940731392
366	KL568084.1	15805	2940993536
367	KL568026.1	15784	2941255680
368	KL568380.1	15687	2941517824
369	KL568063.1	15622	2941779968
370	KL568015.1	15525	2942042112
371	KL568428.1	15511	2942304256
372	KL568075.1	15415	2942566400
373	KL568198.1	15369	2942828544
374	KL567921.1	15352	2943090688
375	KL568251.1	15341	2943352832
376	KL568441.1	15269	2943614976
377	KL567973.1	15169	2943877120
378	KL568215.1	15161	2944139264
379	KL567982.1	15070	2944401408
380	KL567935.1	14953	2944663552
381	KL567971.1	14904	2944925696
382	KL568121.1	14896	2945187840
383	KL568033.1	14885	2945449984
384	KL567968.1	14678	2945712128
385	KL568476.1	14444	2945974272
386	KL567936.1	14424	2946236416
387	KL567987.1	14346	2946498560
388	KL568218.1	14221	2946760704
389	KL568323.1	14207	2947022848
390	KL567980.1	14205	2947284992
391	KL567900.1	14052	2947547136
392	KL568390.1	14001	2947809280
393	KL568340.1	13915	2948071424
394	KL568132.1	13907	2948333568
395	KL568498.1	13834	2948595712
396	KL567967.1	13829	2948857856
397	KL568224.1	13776	2949120000
398	AABR07024394.1	13714	2949382144
399	KL568117.1	13665	2949644288
400	KL568331.1	13633	2949906432
401	KL568131.1	13600	2950168576
402	KL568437.1	13579	2950430720
403	KL567927.1	13550	2950692864
404	KL568517.1	13491	2950955008
405	KL567983.1	13399	2951217152
406	KL568499.1	13135	2951479296
407	KL568070.1	13105	2951741440
408	KL568073.1	13013	2952003584
409	KL568199.1	12984	2952265728
410	KL568384.1	12708	2952527872
411	KL568456.1	12647	2952790016
412	KL568170.1	12470	2953052160
413	KL568099.1	12402	2953314304
414	KL567952.1	12293	2953576448
415	AABR07024119.1	12249	2953838592
416	KL568285.1	12244	2954100736
417	KL568174.1	12149	2954362880
418	KL568396.1	12101	2954625024
419	KL568373.1	12016	2954887168
420	KL568093.1	12008	2955149312
421	KL568455.1	11965	2955411456
422	KL568484.1	11932	2955673600
423	KL568190.1	11903	2955935744
424	KL568514.1	11876	2956197888
425	KL568448.1	11863	2956460032
426	KL567904.1	11839	2956722176
427	KL568425.1	11782	2956984320
428	KL568030.1	11773	2957246464
429	KL568495.1	11737	2957508608
430	KL567963.1	11717	2957770752
431	KL568505.1	11671	2958032896
432	KL568283.1	11645	2958295040
433	KL568040.1	11557	2958557184
434	KL567909.1	11554	2958819328
435	KL567977.1	11537	2959081472
436	KL568326.1	11525	2959343616
437	KL567966.1	11408	2959605760
438	AABR07024264.1	11303	2959867904
439	KL567998.1	11262	2960130048
440	KL568167.1	11182	2960392192
441	KL568225.1	11178	2960654336
442	KL567899.1	11090	2960916480
443	KL568173.1	11069	2961178624
444	KL568341.1	11068	2961440768
445	KL568074.1	11065	2961702912
446	AABR07024040.1	11025	2961965056
447	KL568032.1	10672	2962227200
448	AABR07024150.1	10542	2962489344
449	KL567961.1	10282	2962751488
450	KL568304.1	10256	2963013632
451	KL568300.1	10110	2963275776
452	KL568335.1	10099	2963537920
453	KL567923.1	9678	2963800064
454	KL568127.1	9581	2964062208
455	KL568358.1	9478	2964324352
456	KL568112.1	9469	2964586496
457	KL568266.1	9310	2964848640
458	KL568091.1	9189	2965110784
459	KL568077.1	9129	2965372928
460	KL567912.1	8936	2965635072
461	AABR07024205.1	8757	2965897216
462	KL567896.1	8590	2966159360
463	KL568014.1	8466	2966421504
464	KL568028.1	8337	2966683648
465	KL567932.1	8306	2966945792
466	KL568110.1	8294	2967207936
467	KL568031.1	8183	2967470080
468	KL567942.1	8128	2967732224
469	KL568179.1	8008	2967994368
470	KL568383.1	7756	2968256512
471	KL568332.1	7699	2968518656
472	KL568095.1	7639	2968780800
473	KL568086.1	7522	2969042944
474	KL568022.1	7520	2969305088
475	KL568288.1	7455	2969567232
476	KL568180.1	7344	2969829376
477	KL568367.1	7294	2970091520
478	KL568223.1	7105	2970353664
479	KL568035.1	7095	2970615808
480	KL568235.1	7064	2970877952
481	KL568202.1	7012	2971140096
482	KL568055.1	6984	2971402240
483	KL568382.1	6932	2971664384
484	AABR07024321.1	6849	2971926528
485	KL568037.1	6770	2972188672
486	KL567885.1	6757	2972450816
487	KL567934.1	6638	2972712960
488	AABR07046230.1	6554	2972975104
489	KL567950.1	6510	2973237248
490	KL568493.1	6345	2973499392
491	KL568306.1	6288	2973761536
492	KL568208.1	6280	2974023680
493	KL567964.1	6173	2974285824
494	KL568310.1	6164	2974547968
495	KL568197.1	6090	2974810112
496	KL568226.1	6062	2975072256
497	KL567962.1	6046	2975334400
498	KL568013.1	5986	2975596544
499	KL568393.1	5972	2975858688
500	KL568263.1	5941	2976120832
501	KL568313.1	5919	2976382976
502	KL568071.1	5890	2976645120
503	KL567888.1	5884	2976907264
504	KL568062.1	5881	2977169408
505	KL568293.1	5847	2977431552
506	KL568195.1	5841	2977693696
507	KL568274.1	5820	2977955840
508	AABR07024292.1	5784	2978217984
509	KL568246.1	5769	2978480128
510	KL568177.1	5691	2978742272
511	KL568516.1	5687	2979004416
512	KL568128.1	5682	2979266560
513	KL567887.1	5668	2979528704
514	KL568234.1	5584	2979790848
515	KL568106.1	5546	2980052992
516	KL567922.1	5545	2980315136
517	KL568201.1	5537	2980577280
518	KL568297.1	5492	2980839424
519	KL568254.1	5473	2981101568
520	KL568268.1	5463	2981363712
521	KL567930.1	5384	2981625856
522	KL568271.1	5328	2981888000
523	KL568286.1	5311	2982150144
524	KL568518.1	5301	2982412288
525	KL568290.1	5288	2982674432
526	KL567918.1	5278	2982936576
527	KL568281.1	5240	2983198720
528	KL568333.1	5195	2983460864
529	KL568469.1	5093	2983723008
530	KL568289.1	5072	2983985152
531	KL568200.1	5023	2984247296
532	AABR07024101.1	4996	2984509440
533	KL568497.1	4939	2984771584
534	KL568513.1	4908	2985033728
535	KL568299.1	4870	2985295872
536	KL568256.1	4854	2985558016
537	KL568098.1	4827	2985820160
538	KL568043.1	4810	2986082304
539	KL567985.1	4799	2986344448
540	KL568280.1	4786	2986606592
541	KL568061.1	4767	2986868736
542	KL567949.1	4694	2987130880
543	KL568242.1	4688	2987393024
544	KL568090.1	4623	2987655168
545	AABR07024046.1	4613	2987917312
546	AABR07051059.1	4594	2988179456
547	KL568107.1	4592	2988441600
548	AABR07023990.1	4561	2988703744
549	KL568103.1	4554	2988965888
550	AABR07024118.1	4550	2989228032
551	KL567897.1	4528	2989490176
552	KL567960.1	4527	2989752320
553	KL568363.1	4501	2990014464
554	KL567879.1	4483	2990276608
555	AABR07024105.1	4462	2990538752
556	KL567928.1	4407	2990800896
557	AABR07024115.1	4365	2991063040
558	KL568259.1	4341	2991325184
559	KL567969.1	4340	2991587328
560	AABR07024067.1	4328	2991849472
561	AABR07024222.1	4316	2992111616
562	KL568120.1	4293	2992373760
563	KL568138.1	4289	2992635904
564	KL568372.1	4252	2992898048
565	AABR07045975.1	4223	2993160192
566	KL568047.1	4212	2993422336
567	AABR07051155.1	4212	2993684480
568	KL568123.1	4208	2993946624
569	KL568237.1	4201	2994208768
570	KL568260.1	4168	2994470912
571	KL568186.1	4076	2994733056
572	AABR07046142.1	4043	2994995200
573	AABR07024123.1	3961	2995257344
574	KL567978.1	3931	2995519488
575	KL568273.1	3880	2995781632
576	AABR07050784.1	3876	2996043776
577	KL568347.1	3871	2996305920
578	AABR07024193.1	3838	2996568064
579	KL568004.1	3829	2996830208
580	KL568365.1	3788	2997092352
581	KL568267.1	3782	2997354496
582	AABR07024228.1	3757	2997616640
583	AABR07024187.1	3745	2997878784
584	AABR07024267.1	3745	2998140928
585	AABR07022707.1	3741	2998403072
586	KL568247.1	3663	2998665216
587	KL568496.1	3657	2998927360
588	KL568339.1	3656	2999189504
589	KL568327.1	3635	2999451648
590	KL568392.1	3563	2999713792
591	KL567883.1	3546	2999975936
592	AABR07022511.1	3545	3000238080
593	KL568287.1	3520	3000500224
594	KL568000.1	3475	3000762368
595	AABR07050986.1	3473	3001024512
596	KL568444.1	3439	3001286656
597	KL568124.1	3436	3001548800
598	KL568309.1	3422	3001810944
599	KL567905.1	3364	3002073088
600	KL568060.1	3352	3002335232
601	AABR07024159.1	3318	3002597376
602	KL568094.1	3318	3002859520
603	AABR07050910.1	3308	3003121664
604	KL568459.1	3288	3003383808
605	KL568214.1	3273	3003645952
606	AABR07046212.1	3264	3003908096
607	AABR07046159.1	3224	3004170240
608	KL568192.1	3219	3004432384
609	KL568034.1	3214	3004694528
610	KL568233.1	3210	3004956672
611	KL567948.1	3195	3005218816
612	KL568311.1	3190	3005480960
613	KL568183.1	3177	3005743104
614	KL568401.1	3168	3006005248
615	KL568213.1	3120	3006267392
616	KL568069.1	3057	3006529536
617	KL568416.1	3052	3006791680
618	AABR07045689.1	3045	3007053824
619	AABR07024290.1	3036	3007315968
620	AABR07051090.1	3027	3007578112
621	KL568368.1	3026	3007840256
622	AABR07046158.1	3018	3008102400
623	KL568220.1	3003	3008364544
624	AABR07046187.1	2999	3008626688
625	KL568207.1	2985	3008888832
626	AABR07046222.1	2978	3009150976
627	KL568082.1	2971	3009413120
628	KL567955.1	2942	3009675264
629	AABR07055056.1	2941	3009937408
630	KL568056.1	2940	3010199552
631	KL568291.1	2924	3010461696
632	KL568083.1	2923	3010723840
633	KL567929.1	2912	3010985984
634	KL568050.1	2905	3011248128
635	AABR07024390.1	2896	3011510272
636	KL567996.1	2893	3011772416
637	AABR07022630.1	2877	3012034560
638	KL568205.1	2858	3012296704
639	AABR07022737.1	2840	3012558848
640	AABR07046433.1	2834	3012820992
641	KL568426.1	2831	3013083136
642	KL568503.1	2826	3013345280
643	AABR07046319.1	2826	3013607424
644	KL568227.1	2774	3013869568
645	KL568305.1	2760	3014131712
646	KL568301.1	2759	3014393856
647	KL568509.1	2750	3014656000
648	KL568320.1	2745	3014918144
649	KL568027.1	2724	3015180288
650	AABR07045776.1	2721	3015442432
651	KL568008.1	2704	3015704576
652	KL568172.1	2699	3015966720
653	KL568294.1	2680	3016228864
654	AABR07045688.1	2649	3016491008
655	KL568105.1	2619	3016753152
656	KL568232.1	2600	3017015296
657	AABR07050911.1	2566	3017277440
658	KL568194.1	2533	3017539584
659	AABR07024397.1	2454	3017801728
660	KL568378.1	2442	3018063872
661	AABR07024165.1	2419	3018326016
662	KL568258.1	2384	3018588160
663	AABR07045766.1	2378	3018850304
664	AABR07046296.1	2362	3019112448
665	KL568491.1	2344	3019374592
666	AABR07051126.1	2299	3019636736
667	KL568352.1	2296	3019898880
668	KL568188.1	2287	3020161024
669	AABR07050959.1	2278	3020423168
670	KL568515.1	2232	3020685312
671	AABR07022923.1	2226	3020947456
672	AABR07024399.1	2218	3021209600
673	AABR07023068.1	2217	3021471744
674	KL567992.1	2204	3021733888
675	KL568252.1	2198	3021996032
676	KL567990.1	2196	3022258176
677	AABR07050727.1	2164	3022520320
678	AABR07023168.1	2153	3022782464
679	KL568171.1	2141	3023044608
680	KL568231.1	2132	3023306752
681	KL568178.1	2131	3023568896
682	KL568435.1	2121	3023831040
683	KL567890.1	2119	3024093184
684	KL568221.1	2110	3024355328
685	KL568407.1	2094	3024617472
686	KL568065.1	2068	3024879616
687	AABR07022620.1	2057	3025141760
688	KL568217.1	2047	3025403904
689	AABR07024045.1	2041	3025666048
690	KL568262.1	2018	3025928192
691	KL568168.1	2015	3026190336
692	AABR07050989.1	2001	3026452480
693	KL568244.1	1998	3026714624
694	KL568241.1	1994	3026976768
695	AABR07022654.1	1981	3027238912
696	AABR07050887.1	1962	3027501056
697	KL568371.1	1945	3027763200
698	KL568182.1	1923	3028025344
699	KL568502.1	1892	3028287488
700	KL568175.1	1861	3028549632
701	AABR07022594.1	1852	3028811776
702	AABR07023325.1	1839	3029073920
703	AABR07024229.1	1833	3029336064
704	AABR07046267.1	1821	3029598208
705	KL568253.1	1810	3029860352
706	KL567925.1	1808	3030122496
707	KL568500.1	1783	3030384640
708	KL568240.1	1765	3030646784
709	KL568184.1	1761	3030908928
710	KL568278.1	1760	3031171072
711	KL568308.1	1740	3031433216
712	KL568243.1	1724	3031695360
713	KL568210.1	1709	3031957504
714	KL568222.1	1709	3032219648
715	KL568276.1	1684	3032481792
716	KL568429.1	1681	3032743936
717	KL568239.1	1652	3033006080
718	KL568385.1	1647	3033268224
719	KL568115.1	1634	3033530368
720	AABR07024323.1	1633	3033792512
721	KL568209.1	1619	3034054656
722	KL567989.1	1608	3034316800
723	KL568023.1	1603	3034578944
724	AABR07024195.1	1593	3034841088
725	KL568489.1	1590	3035103232
726	KL568302.1	1571	3035365376
727	KL568264.1	1570	3035627520
728	AABR07024204.1	1554	3035889664
729	AABR07024427.1	1529	3036151808
730	KL568261.1	1528	3036413952
731	KL568255.1	1519	3036676096
732	KL568284.1	1512	3036938240
733	KL568236.1	1497	3037200384
734	KL568203.1	1485	3037462528
735	AABR07024428.1	1455	3037724672
736	KL568211.1	1424	3037986816
737	KL568375.1	1421	3038248960
738	KL568229.1	1413	3038511104
739	KL568216.1	1404	3038773248
740	KL568501.1	1397	3039035392
741	AABR07046137.1	1393	3039297536
742	KL568189.1	1389	3039559680
743	KL568277.1	1370	3039821824
744	AABR07055065.1	1347	3040083968
745	KL568230.1	1324	3040346112
746	KL568338.1	1318	3040608256
747	KL568369.1	1310	3040870400
748	AABR07023968.1	1301	3041132544
749	KL568504.1	1296	3041394688
750	KL568386.1	1285	3041656832
751	AABR07024265.1	1285	3041918976
752	AABR07050825.1	1274	3042181120
753	KL568250.1	1250	3042443264
754	AABR07024293.1	1238	3042705408
755	AABR07024332.1	1222	3042967552
756	KL568249.1	1218	3043229696
757	AABR07046507.1	1207	3043491840
758	AABR07050815.1	1204	3043753984
759	KL568298.1	1200	3044016128
760	AABR07051099.1	1185	3044278272
761	KL568506.1	1171	3044540416
762	KL568494.1	1167	3044802560
763	KL568508.1	1166	3045064704
764	AABR07046249.1	1163	3045326848
765	KL568269.1	1156	3045588992
766	AABR07022926.1	1138	3045851136
767	KL568181.1	1130	3046113280
768	KL568265.1	1130	3046375424
769	KL568296.1	1127	3046637568
770	AABR07055042.1	1118	3046899712
771	AABR07024331.1	1116	3047161856
772	AABR07046563.1	1113	3047424000
773	AABR07022299.1	1106	3047686144
774	KL568422.1	1106	3047948288
775	AABR07023052.1	1106	3048210432
776	KL568238.1	1101	3048472576
777	AABR07024178.1	1101	3048734720
778	AABR07022871.1	1098	3048996864
779	AABR07024196.1	1098	3049259008
780	AABR07022830.1	1094	3049521152
781	AABR07024374.1	1080	3049783296
782	KL567991.1	1075	3050045440
783	KL568275.1	1066	3050307584
784	AABR07024221.1	1065	3050569728
785	AABR07022573.1	1063	3050831872
786	KL568279.1	1061	3051094016
787	AABR07046243.1	1049	3051356160
788	AABR07024269.1	1048	3051618304
789	AABR07046211.1	1042	3051880448
790	AABR07046150.1	1041	3052142592
791	KL568204.1	1028	3052404736
792	AABR07022857.1	996	3052666880
793	AABR07024322.1	992	3052929024
794	AABR07024080.1	991	3053191168
795	AABR07024160.1	980	3053453312
796	AABR07046014.1	955	3053715456
797	AABR07022517.1	942	3053977600
798	AABR07024182.1	920	3054239744
799	AABR07050811.1	917	3054501888
800	AABR07024125.1	904	3054764032
801	AABR07024138.1	897	3055026176
802	AABR07046186.1	881	3055288320
803	AABR07022258.1	875	3055550464
804	AABR07022378.1	849	3055812608
805	AABR07024114.1	836	3056074752
806	AABR07024103.1	832	3056336896
807	AABR07024007.1	828	3056599040
808	AABR07050916.1	825	3056861184
809	AABR07024395.1	821	3057123328
810	AABR07022405.1	816	3057385472
811	AABR07022334.1	815	3057647616
812	AABR07022616.1	815	3057909760
813	AABR07023031.1	813	3058171904
814	AABR07022626.1	804	3058434048
815	AABR07022627.1	795	3058696192
816	KL568206.1	795	3058958336
817	AABR07022608.1	790	3059220480
818	AABR07023445.1	789	3059482624
819	AABR07022973.1	786	3059744768
820	AABR07022342.1	785	3060006912
821	AABR07023067.1	774	3060269056
822	AABR07022531.1	766	3060531200
823	AABR07045742.1	766	3060793344
824	AABR07022905.1	763	3061055488
825	AABR07050689.1	760	3061317632
826	AABR07022404.1	754	3061579776
827	AABR07024223.1	754	3061841920
828	AABR07023024.1	748	3062104064
829	AABR07022350.1	745	3062366208
830	AABR07024383.1	744	3062628352
831	AABR07022934.1	743	3062890496
832	AABR07050912.1	743	3063152640
833	AABR07050985.1	742	3063414784
834	AABR07022759.1	741	3063676928
835	AABR07022729.1	740	3063939072
836	AABR07024396.1	736	3064201216
837	AABR07022336.1	723	3064463360
838	AABR07022359.1	723	3064725504
839	AABR07024371.1	721	3064987648
840	AABR07022264.1	714	3065249792
841	AABR07022304.1	714	3065511936
842	AABR07045681.1	712	3065774080
843	AABR07024319.1	708	3066036224
844	AABR07022672.1	706	3066298368
845	AABR07022279.1	704	3066560512
846	AABR07045743.1	702	3066822656
847	AABR07022284.1	700	3067084800
848	AABR07024227.1	693	3067346944
849	AABR07024289.1	692	3067609088
850	AABR07022416.1	691	3067871232
851	AABR07022676.1	690	3068133376
852	AABR07022287.1	683	3068395520
853	AABR07046405.1	682	3068657664
854	AABR07022684.1	681	3068919808
855	AABR07024294.1	678	3069181952
856	AABR07022265.1	675	3069444096
857	AABR07024393.1	673	3069706240
858	AABR07022907.1	670	3069968384
859	AABR07024092.1	669	3070230528
860	AABR07022259.1	667	3070492672
861	KL567956.1	667	3070754816
862	AABR07024349.1	666	3071016960
863	AABR07024005.1	665	3071279104
864	AABR07024043.1	665	3071541248
865	AABR07022828.1	664	3071803392
866	AABR07022519.1	663	3072065536
867	AABR07022619.1	663	3072327680
868	AABR07024189.1	659	3072589824
869	AABR07046182.1	659	3072851968
870	AABR07022760.1	658	3073114112
871	AABR07024006.1	657	3073376256
872	AABR07023321.1	656	3073638400
873	KL568119.1	655	3073900544
874	AABR07022335.1	654	3074162688
875	AABR07022266.1	650	3074424832
876	AABR07022921.1	649	3074686976
877	AABR07023534.1	647	3074949120
878	AABR07022518.1	642	3075211264
879	AABR07022881.1	642	3075473408
880	AABR07022993.1	642	3075735552
881	AABR07023006.1	642	3075997696
882	AABR07022367.1	641	3076259840
883	AABR07024433.1	637	3076521984
884	AABR07024351.1	628	3076784128
885	AABR07022263.1	626	3077046272
886	AABR07022990.1	622	3077308416
887	AABR07022827.1	619	3077570560
888	AABR07046248.1	619	3077832704
889	AABR07022884.1	614	3078094848
890	AABR07022629.1	613	3078356992
891	AABR07024320.1	613	3078619136
892	AABR07022559.1	609	3078881280
893	AABR07022239.1	607	3079143424
894	AABR07022428.1	605	3079405568
895	AABR07024177.1	602	3079667712
896	AABR07024266.1	594	3079929856
897	AABR07023560.1	592	3080192000
898	AABR07050894.1	590	3080454144
899	AABR07022726.1	588	3080716288
900	AABR07022738.1	588	3080978432
901	AABR07024121.1	586	3081240576
902	AABR07050661.1	586	3081502720
903	AABR07022300.1	584	3081764864
904	AABR07051089.1	580	3082027008
905	AABR07024432.1	579	3082289152
906	AABR07022880.1	577	3082551296
907	AABR07022957.1	575	3082813440
908	AABR07051098.1	572	3083075584
909	KL567979.1	569	3083337728
910	AABR07024304.1	568	3083599872
911	AABR07022922.1	567	3083862016
912	AABR07046283.1	567	3084124160
913	AABR07022337.1	564	3084386304
914	AABR07022671.1	563	3084648448
915	AABR07022257.1	562	3084910592
916	AABR07022783.1	560	3085172736
917	AABR07022425.1	559	3085434880
918	AABR07024194.1	559	3085697024
919	AABR07022273.1	556	3085959168
920	AABR07022504.1	555	3086221312
921	AABR07022368.1	552	3086483456
922	AABR07024226.1	550	3086745600
923	AABR07022829.1	549	3087007744
924	AABR07050850.1	548	3087269888
925	AABR07022621.1	547	3087532032
926	AABR07022628.1	535	3087794176
927	AABR07022431.1	534	3088056320
928	AABR07022478.1	530	3088318464
929	AABR07046034.1	530	3088580608
930	AABR07022753.1	529	3088842752
931	AABR07023014.1	529	3089104896
932	AABR07022994.1	526	3089367040
933	AABR07022645.1	523	3089629184
934	AABR07046019.1	523	3089891328
935	AABR07022288.1	522	3090153472
936	AABR07022802.1	521	3090415616
937	AABR07051154.1	520	3090677760
938	AABR07023967.1	516	3090939904
939	AABR07022920.1	515	3091202048
940	AABR07023949.1	515	3091464192
941	AABR07045875.1	515	3091726336
942	AABR07024100.1	507	3091988480
943	AABR07022479.1	503	3092250624
944	AABR07022532.1	503	3092512768
945	AABR07023324.1	503	3092774912
946	AABR07022793.1	493	3093037056
947	AABR07022301.1	482	3093299200
948	AABR07022906.1	453	3093561344
949	AABR07022514.1	450	3093823488
950	AABR07022298.1	428	3094085632
951	AABR07022333.1	391	3094347776
952	AABR07022456.1	351	3094609920
953	AABR07022885.1	265	3094872064
954	AABR07022944.1	238	3095134208
955	AABR07024268.1	230	3095396352
--sjdbOverhang = 99 taken from the generated genome
Started loading the genome: Wed May 22 15:33:34 2019

Genome: size given as a parameter = 3135707246
SA: size given as a parameter = 22850000905
SAindex: size given as a parameter = 1
Read from SAindex: pGe.gSAindexNbases=14  nSAi=357913940
nGenome=3135707246;  nSAbyte=22850000905
GstrandBit=32   SA number of indices=5539394158
Shared memory is not used for genomes. Allocated a private copy of the genome.
Genome file size: 3135707246 bytes; state: good=1 eof=0 fail=0 bad=0
Loading Genome ... done! state: good=1 eof=0 fail=0 bad=0; loaded 3135707246 bytes
SA file size: 22850000905 bytes; state: good=1 eof=0 fail=0 bad=0
Loading SA ... done! state: good=1 eof=0 fail=0 bad=0; loaded 22850000905 bytes
Loading SAindex ... done: 1565873619 bytes
Finished loading the genome: Wed May 22 15:34:11 2019

Processing splice junctions database sjdbN=201250,   pGe.sjdbOverhang=99 
alignIntronMax=alignMatesGapMax=0, the max intron size will be approximately determined by (2^winBinNbits)*winAnchorDistNbins=589824
Created thread # 1
Starting to map file # 0
mate 1:   /data/biohub/20180328_Atkins_RatFracture/1_trimmedData/fastq/179_F_CB2YGANXX_ATCACG_L001_R1.fastq.gz
Created thread # 2
Created thread # 3
Created thread # 4
Created thread # 5
Created thread # 6
Created thread # 7
Created thread # 8
Created thread # 9
Created thread # 10
Created thread # 11
Created thread # 12
Created thread # 13
Created thread # 14
Created thread # 15
BAM sorting: 242361 mapped reads
BAM sorting bins genomic start loci:
1	0	11908540
2	0	11908999
3	0	11909137
4	0	11909350
5	0	11967241
6	0	11967471
7	0	11967588
8	0	11968150
9	0	65259950
10	0	237902430
11	1	208567435
12	3	120453994
13	4	91130114
14	4	91130439
15	4	91130853
16	4	91131425
17	5	30628692
18	5	30629220
19	5	91456987
20	5	91680349
21	6	71472585
22	6	71615224
23	7	63239819
24	7	96362848
25	9	82747926
26	11	7115913
27	11	24796310
28	11	45052705
29	13	46640365
30	13	46640688
31	13	46640995
32	13	46641216
33	13	46641348
34	13	46641788
35	13	46643303
36	13	46643482
37	13	46643658
38	13	46644047
39	13	46644584
40	13	46683704
41	13	46683835
42	13	46684296
43	13	46684875
44	13	46685233
45	15	7351886
46	17	40542238
47	18	56338769
48	20	35488215
Thread #7 end of input stream, nextChar=-1
Completed: thread #2
Completed: thread #10
Completed: thread #1
Completed: thread #7
Completed: thread #12
Completed: thread #13
Completed: thread #5
Completed: thread #0
Joined thread # 1
Joined thread # 2
Completed: thread #11
Completed: thread #3
Joined thread # 3
Completed: thread #4
Joined thread # 4
Joined thread # 5
Completed: thread #15
Completed: thread #8
Completed: thread #6
Joined thread # 6
Joined thread # 7
Joined thread # 8
Completed: thread #9
Joined thread # 9
Joined thread # 10
Joined thread # 11
Joined thread # 12
Joined thread # 13
Completed: thread #14
Joined thread # 14
Joined thread # 15
May 22 15:37:21 ..... started sorting BAM
Max memory needed for sorting = 928056184
ALL DONE!
