                                 Started job on |	May 22 15:49:28
                             Started mapping on |	May 22 15:49:47
                                    Finished on |	May 22 15:53:14
       Mapping speed, Million of reads per hour |	660.80

                          Number of input reads |	37995748
                      Average input read length |	97
                                    UNIQUE READS:
                   Uniquely mapped reads number |	25731206
                        Uniquely mapped reads % |	67.72%
                          Average mapped length |	97.06
                       Number of splices: Total |	4353555
            Number of splices: Annotated (sjdb) |	4144530
                       Number of splices: GT/AG |	4266411
                       Number of splices: GC/AG |	35201
                       Number of splices: AT/AC |	4132
               Number of splices: Non-canonical |	47811
                      Mismatch rate per base, % |	0.42%
                         Deletion rate per base |	0.02%
                        Deletion average length |	2.03
                        Insertion rate per base |	0.01%
                       Insertion average length |	1.83
                             MULTI-MAPPING READS:
        Number of reads mapped to multiple loci |	9435639
             % of reads mapped to multiple loci |	24.83%
        Number of reads mapped to too many loci |	1760629
             % of reads mapped to too many loci |	4.63%
                                  UNMAPPED READS:
       % of reads unmapped: too many mismatches |	0.00%
                 % of reads unmapped: too short |	1.99%
                     % of reads unmapped: other |	0.82%
                                  CHIMERIC READS:
                       Number of chimeric reads |	0
                            % of chimeric reads |	0.00%
