                                 Started job on |	May 22 15:53:20
                             Started mapping on |	May 22 15:53:40
                                    Finished on |	May 22 15:57:17
       Mapping speed, Million of reads per hour |	622.93

                          Number of input reads |	37549038
                      Average input read length |	96
                                    UNIQUE READS:
                   Uniquely mapped reads number |	25271900
                        Uniquely mapped reads % |	67.30%
                          Average mapped length |	96.86
                       Number of splices: Total |	2915336
            Number of splices: Annotated (sjdb) |	2749907
                       Number of splices: GT/AG |	2840929
                       Number of splices: GC/AG |	19995
                       Number of splices: AT/AC |	2280
               Number of splices: Non-canonical |	52132
                      Mismatch rate per base, % |	0.43%
                         Deletion rate per base |	0.03%
                        Deletion average length |	2.04
                        Insertion rate per base |	0.02%
                       Insertion average length |	1.86
                             MULTI-MAPPING READS:
        Number of reads mapped to multiple loci |	8354552
             % of reads mapped to multiple loci |	22.25%
        Number of reads mapped to too many loci |	2532732
             % of reads mapped to too many loci |	6.75%
                                  UNMAPPED READS:
       % of reads unmapped: too many mismatches |	0.00%
                 % of reads unmapped: too short |	1.99%
                     % of reads unmapped: other |	1.71%
                                  CHIMERIC READS:
                       Number of chimeric reads |	0
                            % of chimeric reads |	0.00%
