                                 Started job on |	May 22 15:43:54
                             Started mapping on |	May 22 15:44:24
                                    Finished on |	May 22 15:49:21
       Mapping speed, Million of reads per hour |	478.18

                          Number of input reads |	39450243
                      Average input read length |	97
                                    UNIQUE READS:
                   Uniquely mapped reads number |	25181838
                        Uniquely mapped reads % |	63.83%
                          Average mapped length |	96.44
                       Number of splices: Total |	1738234
            Number of splices: Annotated (sjdb) |	1562583
                       Number of splices: GT/AG |	1651110
                       Number of splices: GC/AG |	16586
                       Number of splices: AT/AC |	1504
               Number of splices: Non-canonical |	69034
                      Mismatch rate per base, % |	0.61%
                         Deletion rate per base |	0.03%
                        Deletion average length |	2.09
                        Insertion rate per base |	0.02%
                       Insertion average length |	1.86
                             MULTI-MAPPING READS:
        Number of reads mapped to multiple loci |	8452129
             % of reads mapped to multiple loci |	21.42%
        Number of reads mapped to too many loci |	2797781
             % of reads mapped to too many loci |	7.09%
                                  UNMAPPED READS:
       % of reads unmapped: too many mismatches |	0.00%
                 % of reads unmapped: too short |	3.82%
                     % of reads unmapped: other |	3.83%
                                  CHIMERIC READS:
                       Number of chimeric reads |	0
                            % of chimeric reads |	0.00%
