                                 Started job on |	May 22 15:57:23
                             Started mapping on |	May 22 15:57:40
                                    Finished on |	May 22 16:00:51
       Mapping speed, Million of reads per hour |	742.14

                          Number of input reads |	39374822
                      Average input read length |	98
                                    UNIQUE READS:
                   Uniquely mapped reads number |	29118154
                        Uniquely mapped reads % |	73.95%
                          Average mapped length |	97.96
                       Number of splices: Total |	5350992
            Number of splices: Annotated (sjdb) |	5131791
                       Number of splices: GT/AG |	5263809
                       Number of splices: GC/AG |	41971
                       Number of splices: AT/AC |	5207
               Number of splices: Non-canonical |	40005
                      Mismatch rate per base, % |	0.34%
                         Deletion rate per base |	0.02%
                        Deletion average length |	1.98
                        Insertion rate per base |	0.01%
                       Insertion average length |	1.77
                             MULTI-MAPPING READS:
        Number of reads mapped to multiple loci |	8077815
             % of reads mapped to multiple loci |	20.52%
        Number of reads mapped to too many loci |	1509263
             % of reads mapped to too many loci |	3.83%
                                  UNMAPPED READS:
       % of reads unmapped: too many mismatches |	0.00%
                 % of reads unmapped: too short |	1.32%
                     % of reads unmapped: other |	0.38%
                                  CHIMERIC READS:
                       Number of chimeric reads |	0
                            % of chimeric reads |	0.00%
